[0.109s] Invoking command in '/home/ros/rosPackages/ENAE450/ENAE450_ws/src/ENAE450-Group-Project/final_project/build/interface_package': CMAKE_PREFIX_PATH=${CMAKE_PREFIX_PATH}:/home/ros/rosPackages/ENAE450/ENAE450_ws/src/ENAE450-Group-Project/final_project/install/hw5:/home/ros/rosPackages/ENAE450/ENAE450_ws/src/ENAE450-Group-Project/install/maze_simulation:/home/ros/rosPackages/ENAE450/ENAE450_ws/src/ENAE450-Group-Project/install/maze:/home/ros/rosPackages/ENAE450/ENAE450_ws/src/ENAE450-Group-Project/install/lab_package:/home/ros/rosPackages/ENAE450/ENAE450_ws/src/ENAE450-Group-Project/install/hw5:/opt/ros/humble /usr/bin/cmake /home/ros/rosPackages/ENAE450/ENAE450_ws/src/ENAE450-Group-Project/final_project/interface_package -DAMENT_CMAKE_SYMLINK_INSTALL=1 -DCMAKE_INSTALL_PREFIX=/home/ros/rosPackages/ENAE450/ENAE450_ws/src/ENAE450-Group-Project/final_project/install/interface_package
[0.121s] -- Found ament_cmake: 1.3.8 (/opt/ros/humble/share/ament_cmake/cmake)
[0.189s] -- Override CMake install command with custom implementation using symlinks instead of copying resources
[0.195s] -- Found rclcpp: 16.0.8 (/opt/ros/humble/share/rclcpp/cmake)
[0.215s] -- Found rosidl_generator_c: 3.1.5 (/opt/ros/humble/share/rosidl_generator_c/cmake)
[0.217s] -- Found rosidl_adapter: 3.1.5 (/opt/ros/humble/share/rosidl_adapter/cmake)
[0.222s] -- Found rosidl_generator_cpp: 3.1.5 (/opt/ros/humble/share/rosidl_generator_cpp/cmake)
[0.230s] -- Using all available rosidl_typesupport_c: rosidl_typesupport_fastrtps_c;rosidl_typesupport_introspection_c
[0.241s] -- Using all available rosidl_typesupport_cpp: rosidl_typesupport_fastrtps_cpp;rosidl_typesupport_introspection_cpp
[0.283s] -- Found rmw_implementation_cmake: 6.1.1 (/opt/ros/humble/share/rmw_implementation_cmake/cmake)
[0.284s] -- Found rmw_fastrtps_cpp: 6.2.6 (/opt/ros/humble/share/rmw_fastrtps_cpp/cmake)
[0.373s] -- Using RMW implementation 'rmw_fastrtps_cpp' as default
[0.557s] -- Found rosidl_default_generators: 1.2.0 (/opt/ros/humble/share/rosidl_default_generators/cmake)
[0.835s] -- Found ament_cmake_ros: 0.10.0 (/opt/ros/humble/share/ament_cmake_ros/cmake)
[1.026s] -- Using all available rosidl_typesupport_c: rosidl_typesupport_fastrtps_c;rosidl_typesupport_introspection_c
[1.103s] -- Using all available rosidl_typesupport_cpp: rosidl_typesupport_fastrtps_cpp;rosidl_typesupport_introspection_cpp
[1.134s] -- Found python_cmake_module: 0.10.0 (/opt/ros/humble/share/python_cmake_module/cmake)
[1.154s] -- Using PYTHON_EXECUTABLE: /usr/bin/python3
[1.155s] -- Using PYTHON_INCLUDE_DIRS: /usr/include/python3.10
[1.155s] -- Using PYTHON_LIBRARIES: /usr/lib/aarch64-linux-gnu/libpython3.10.so
[1.178s] -- Found ament_lint_auto: 0.12.10 (/opt/ros/humble/share/ament_lint_auto/cmake)
[1.211s] -- Added test 'cppcheck' to perform static code analysis on C / C++ code
[1.211s] -- Configured cppcheck include dirs: 
[1.211s] -- Configured cppcheck exclude dirs and/or files: 
[1.213s] -- Added test 'flake8' to check Python code syntax and style conventions
[1.220s] -- Added test 'lint_cmake' to check CMake code style
[1.224s] -- Added test 'pep257' to check Python code against some of the docstring style conventions in PEP 257
[1.251s] -- Added test 'uncrustify' to check C / C++ code style
[1.251s] -- Configured uncrustify additional arguments: 
[1.254s] -- Added test 'xmllint' to check XML markup files
[1.255s] -- Configuring done
[1.297s] -- Generating done
[1.300s] -- Build files have been written to: /home/ros/rosPackages/ENAE450/ENAE450_ws/src/ENAE450-Group-Project/final_project/build/interface_package
[1.314s] Invoked command in '/home/ros/rosPackages/ENAE450/ENAE450_ws/src/ENAE450-Group-Project/final_project/build/interface_package' returned '0': CMAKE_PREFIX_PATH=${CMAKE_PREFIX_PATH}:/home/ros/rosPackages/ENAE450/ENAE450_ws/src/ENAE450-Group-Project/final_project/install/hw5:/home/ros/rosPackages/ENAE450/ENAE450_ws/src/ENAE450-Group-Project/install/maze_simulation:/home/ros/rosPackages/ENAE450/ENAE450_ws/src/ENAE450-Group-Project/install/maze:/home/ros/rosPackages/ENAE450/ENAE450_ws/src/ENAE450-Group-Project/install/lab_package:/home/ros/rosPackages/ENAE450/ENAE450_ws/src/ENAE450-Group-Project/install/hw5:/opt/ros/humble /usr/bin/cmake /home/ros/rosPackages/ENAE450/ENAE450_ws/src/ENAE450-Group-Project/final_project/interface_package -DAMENT_CMAKE_SYMLINK_INSTALL=1 -DCMAKE_INSTALL_PREFIX=/home/ros/rosPackages/ENAE450/ENAE450_ws/src/ENAE450-Group-Project/final_project/install/interface_package
[1.314s] Invoking command in '/home/ros/rosPackages/ENAE450/ENAE450_ws/src/ENAE450-Group-Project/final_project/build/interface_package': CMAKE_PREFIX_PATH=${CMAKE_PREFIX_PATH}:/home/ros/rosPackages/ENAE450/ENAE450_ws/src/ENAE450-Group-Project/final_project/install/hw5:/home/ros/rosPackages/ENAE450/ENAE450_ws/src/ENAE450-Group-Project/install/maze_simulation:/home/ros/rosPackages/ENAE450/ENAE450_ws/src/ENAE450-Group-Project/install/maze:/home/ros/rosPackages/ENAE450/ENAE450_ws/src/ENAE450-Group-Project/install/lab_package:/home/ros/rosPackages/ENAE450/ENAE450_ws/src/ENAE450-Group-Project/install/hw5:/opt/ros/humble /usr/bin/cmake --build /home/ros/rosPackages/ENAE450/ENAE450_ws/src/ENAE450-Group-Project/final_project/build/interface_package -- -j2 -l2
[1.361s] [35m[1mConsolidate compiler generated dependencies of target interface_package__rosidl_generator_c[0m
[1.374s] [  9%] Built target interface_package__rosidl_generator_c
[1.376s] [ 12%] Built target interface_package__cpp
[1.390s] failed to create symbolic link '/home/ros/rosPackages/ENAE450/ENAE450_ws/src/ENAE450-Group-Project/final_project/build/interface_package/ament_cmake_python/interface_package/interface_package' because existing path cannot be removed: Is a directory
[1.390s] gmake[2]: *** [CMakeFiles/ament_cmake_python_symlink_interface_package.dir/build.make:70: CMakeFiles/ament_cmake_python_symlink_interface_package] Error 1
[1.390s] gmake[1]: *** [CMakeFiles/Makefile2:421: CMakeFiles/ament_cmake_python_symlink_interface_package.dir/all] Error 2
[1.390s] gmake[1]: *** Waiting for unfinished jobs....
[1.390s] [35m[1mConsolidate compiler generated dependencies of target interface_package__rosidl_typesupport_cpp[0m
[1.399s] [ 22%] Built target interface_package__rosidl_typesupport_cpp
[1.399s] gmake: *** [Makefile:146: all] Error 2
[1.403s] Invoked command in '/home/ros/rosPackages/ENAE450/ENAE450_ws/src/ENAE450-Group-Project/final_project/build/interface_package' returned '2': CMAKE_PREFIX_PATH=${CMAKE_PREFIX_PATH}:/home/ros/rosPackages/ENAE450/ENAE450_ws/src/ENAE450-Group-Project/final_project/install/hw5:/home/ros/rosPackages/ENAE450/ENAE450_ws/src/ENAE450-Group-Project/install/maze_simulation:/home/ros/rosPackages/ENAE450/ENAE450_ws/src/ENAE450-Group-Project/install/maze:/home/ros/rosPackages/ENAE450/ENAE450_ws/src/ENAE450-Group-Project/install/lab_package:/home/ros/rosPackages/ENAE450/ENAE450_ws/src/ENAE450-Group-Project/install/hw5:/opt/ros/humble /usr/bin/cmake --build /home/ros/rosPackages/ENAE450/ENAE450_ws/src/ENAE450-Group-Project/final_project/build/interface_package -- -j2 -l2
